2025-09-15 11:07:58.4404|INFO|Microsoft.Hosting.Lifetime|Now listening on: https://localhost:7271 
2025-09-15 11:07:58.4530|INFO|Microsoft.Hosting.Lifetime|Now listening on: http://localhost:5066 
2025-09-15 11:07:58.4806|INFO|Microsoft.Hosting.Lifetime|Application started. Press Ctrl+C to shut down. 
2025-09-15 11:07:58.4826|INFO|Microsoft.Hosting.Lifetime|Hosting environment: Development 
2025-09-15 11:07:58.4826|INFO|Microsoft.Hosting.Lifetime|Content root path: C:\Projeler\13. Yazılım Destek Sistemi\YazilimDestekSistemi.WebServis.MFiles 
2025-09-15 11:07:59.4722|INFO|Microsoft.AspNetCore.Hosting.Diagnostics|Request starting HTTP/2 GET https://localhost:7271/swagger - - - 
2025-09-15 11:07:59.5590|INFO|Microsoft.AspNetCore.Hosting.Diagnostics|Request finished HTTP/2 GET https://localhost:7271/swagger - 301 0 - 96.3264ms 
2025-09-15 11:07:59.5642|INFO|Microsoft.AspNetCore.Hosting.Diagnostics|Request starting HTTP/2 GET https://localhost:7271/swagger/index.html - - - 
2025-09-15 11:07:59.6069|INFO|Microsoft.AspNetCore.Hosting.Diagnostics|Request finished HTTP/2 GET https://localhost:7271/swagger/index.html - 200 - text/html;charset=utf-8 42.9676ms 
2025-09-15 11:07:59.6241|INFO|Microsoft.AspNetCore.Hosting.Diagnostics|Request starting HTTP/2 GET https://localhost:7271/swagger/swagger-ui-bundle.js - - - 
2025-09-15 11:07:59.6241|INFO|Microsoft.AspNetCore.Hosting.Diagnostics|Request starting HTTP/2 GET https://localhost:7271/swagger/swagger-ui-standalone-preset.js - - - 
2025-09-15 11:07:59.6241|INFO|Microsoft.AspNetCore.Hosting.Diagnostics|Request starting HTTP/2 GET https://localhost:7271/swagger/swagger-ui.css - - - 
2025-09-15 11:07:59.6241|INFO|Microsoft.AspNetCore.Hosting.Diagnostics|Request starting HTTP/2 GET https://localhost:7271/_vs/browserLink - - - 
2025-09-15 11:07:59.6676|INFO|Microsoft.AspNetCore.StaticFiles.StaticFileMiddleware|Sending file. Request path: '/swagger-ui-standalone-preset.js'. Physical path: 'N/A' 
2025-09-15 11:07:59.6676|INFO|Microsoft.AspNetCore.StaticFiles.StaticFileMiddleware|Sending file. Request path: '/swagger-ui.css'. Physical path: 'N/A' 
2025-09-15 11:07:59.6695|INFO|Microsoft.AspNetCore.Hosting.Diagnostics|Request finished HTTP/2 GET https://localhost:7271/swagger/swagger-ui.css - 200 152034 text/css 45.4825ms 
2025-09-15 11:07:59.6695|INFO|Microsoft.AspNetCore.Hosting.Diagnostics|Request finished HTTP/2 GET https://localhost:7271/swagger/swagger-ui-standalone-preset.js - 200 230280 text/javascript 45.4409ms 
2025-09-15 11:07:59.6695|INFO|Microsoft.AspNetCore.StaticFiles.StaticFileMiddleware|Sending file. Request path: '/swagger-ui-bundle.js'. Physical path: 'N/A' 
2025-09-15 11:07:59.6857|INFO|Microsoft.AspNetCore.Hosting.Diagnostics|Request finished HTTP/2 GET https://localhost:7271/swagger/swagger-ui-bundle.js - 200 1456926 text/javascript 61.6082ms 
2025-09-15 11:07:59.6857|INFO|Microsoft.AspNetCore.Hosting.Diagnostics|Request finished HTTP/2 GET https://localhost:7271/_vs/browserLink - 200 - text/javascript;+charset=UTF-8 64.3222ms 
2025-09-15 11:07:59.8157|INFO|Microsoft.AspNetCore.Hosting.Diagnostics|Request starting HTTP/2 GET https://localhost:7271/swagger/v1/swagger.json - - - 
2025-09-15 11:07:59.8325|INFO|Microsoft.AspNetCore.Hosting.Diagnostics|Request finished HTTP/2 GET https://localhost:7271/swagger/v1/swagger.json - 200 - application/json;charset=utf-8 17.1205ms 
2025-09-15 11:07:59.8325|INFO|Microsoft.AspNetCore.Hosting.Diagnostics|Request starting HTTP/2 GET https://localhost:7271/swagger/favicon-32x32.png - - - 
2025-09-15 11:07:59.8325|INFO|Microsoft.AspNetCore.StaticFiles.StaticFileMiddleware|Sending file. Request path: '/favicon-32x32.png'. Physical path: 'N/A' 
2025-09-15 11:07:59.8325|INFO|Microsoft.AspNetCore.Hosting.Diagnostics|Request finished HTTP/2 GET https://localhost:7271/swagger/favicon-32x32.png - 200 628 image/png 2.7530ms 
